graphql-test@ /home/abudaan/workspace/graphql-test
├─┬ babel-cli@6.6.5
│ ├─┬ babel-core@6.7.2
│ │ ├─┬ babel-code-frame@6.7.2
│ │ │ ├── babel-runtime@5.8.35
│ │ │ └─┬ line-numbers@0.2.0
│ │ │   └── left-pad@0.0.3
│ │ ├─┬ babel-generator@6.7.2
│ │ │ ├── babel-runtime@5.8.35
│ │ │ ├─┬ detect-indent@3.0.1
│ │ │ │ └── get-stdin@4.0.1
│ │ │ ├── is-integer@1.0.6
│ │ │ ├── lodash@3.10.1
│ │ │ ├── source-map@0.5.3
│ │ │ └── trim-right@1.0.1
│ │ ├─┬ babel-helpers@6.6.0
│ │ │ └── babel-runtime@5.8.35
│ │ ├─┬ babel-messages@6.7.2
│ │ │ └── babel-runtime@5.8.35
│ │ ├── json5@0.4.0
│ │ ├─┬ minimatch@2.0.10
│ │ │ └─┬ brace-expansion@1.1.3
│ │ │   ├── balanced-match@0.3.0
│ │ │   └── concat-map@0.0.1
│ │ ├── private@0.1.6
│ │ └── shebang-regex@1.0.0
│ ├─┬ babel-polyfill@6.7.2
│ │ └── core-js@2.2.0
│ ├─┬ babel-register@6.7.2
│ │ ├─┬ babel-core@6.7.2
│ │ │ └── source-map@0.5.3
│ │ ├─┬ babel-runtime@5.8.35
│ │ │ └── core-js@1.2.6
│ │ ├── core-js@2.2.0
│ │ ├─┬ home-or-tmp@1.0.0
│ │ │ └── os-tmpdir@1.0.1
│ │ ├── lodash@3.10.1
│ │ └─┬ source-map-support@0.2.10
│ │   └─┬ source-map@0.1.32
│ │     └── amdefine@1.0.0
│ ├─┬ babel-runtime@5.8.35
│ │ └── core-js@1.2.6
│ ├─┬ bin-version-check@2.1.0
│ │ ├─┬ bin-version@1.0.4
│ │ │ └─┬ find-versions@1.2.1
│ │ │   ├── array-uniq@1.0.2
│ │ │   ├─┬ meow@3.7.0
│ │ │   │ ├─┬ camelcase-keys@2.1.0
│ │ │   │ │ └── camelcase@2.1.1
│ │ │   │ ├─┬ loud-rejection@1.3.0
│ │ │   │ │ ├── array-find-index@1.0.1
│ │ │   │ │ └── signal-exit@2.1.2
│ │ │   │ ├── map-obj@1.0.1
│ │ │   │ ├─┬ normalize-package-data@2.3.5
│ │ │   │ │ ├── hosted-git-info@2.1.4
│ │ │   │ │ ├─┬ is-builtin-module@1.0.0
│ │ │   │ │ │ └── builtin-modules@1.1.1
│ │ │   │ │ └─┬ validate-npm-package-license@3.0.1
│ │ │   │ │   ├─┬ spdx-correct@1.0.2
│ │ │   │ │   │ └── spdx-license-ids@1.2.0
│ │ │   │ │   └─┬ spdx-expression-parse@1.0.2
│ │ │   │ │     └── spdx-exceptions@1.0.4
│ │ │   │ ├─┬ read-pkg-up@1.0.1
│ │ │   │ │ ├─┬ find-up@1.1.2
│ │ │   │ │ │ └── path-exists@2.1.0
│ │ │   │ │ └─┬ read-pkg@1.1.0
│ │ │   │ │   ├─┬ load-json-file@1.1.0
│ │ │   │ │   │ ├─┬ parse-json@2.2.0
│ │ │   │ │   │ │ └─┬ error-ex@1.3.0
│ │ │   │ │   │ │   └── is-arrayish@0.2.1
│ │ │   │ │   │ └─┬ strip-bom@2.0.0
│ │ │   │ │   │   └── is-utf8@0.2.1
│ │ │   │ │   └── path-type@1.1.0
│ │ │   │ ├─┬ redent@1.0.0
│ │ │   │ │ ├─┬ indent-string@2.1.0
│ │ │   │ │ │ └── repeating@2.0.0
│ │ │   │ │ └── strip-indent@1.0.1
│ │ │   │ └── trim-newlines@1.0.0
│ │ │   └── semver-regex@1.0.0
│ │ ├── minimist@1.2.0
│ │ ├── semver@4.3.6
│ │ └─┬ semver-truncate@1.1.0
│ │   └── semver@5.1.0
│ ├─┬ chalk@1.1.1
│ │ ├─┬ ansi-styles@2.2.0
│ │ │ └── color-convert@1.0.0
│ │ ├── escape-string-regexp@1.0.5
│ │ ├── has-ansi@2.0.0
│ │ ├── strip-ansi@3.0.1
│ │ └── supports-color@2.0.0
│ ├─┬ chokidar@1.4.3
│ │ ├── async-each@1.0.0
│ │ ├── UNMET OPTIONAL DEPENDENCY fsevents@^1.0.0
│ │ ├── glob-parent@2.0.0
│ │ ├─┬ is-binary-path@1.0.1
│ │ │ └── binary-extensions@1.4.0
│ │ ├─┬ is-glob@2.0.1
│ │ │ └── is-extglob@1.0.0
│ │ └─┬ readdirp@2.0.0
│ │   └── graceful-fs@4.1.3
│ ├─┬ commander@2.9.0
│ │ └── graceful-readlink@1.0.1
│ ├── convert-source-map@1.2.0
│ ├── fs-readdir-recursive@0.1.2
│ ├─┬ glob@5.0.15
│ │ ├─┬ inflight@1.0.4
│ │ │ └── wrappy@1.0.1
│ │ └── once@1.3.3
│ ├── lodash@3.10.1
│ ├── log-symbols@1.0.2
│ ├── output-file-sync@1.1.1
│ ├── path-exists@1.0.0
│ ├── path-is-absolute@1.0.0
│ ├─┬ request@2.69.0
│ │ ├── aws-sign2@0.6.0
│ │ ├─┬ aws4@1.3.2
│ │ │ └─┬ lru-cache@4.0.0
│ │ │   ├── pseudomap@1.0.2
│ │ │   └── yallist@2.0.0
│ │ ├── bl@1.0.3
│ │ ├── caseless@0.11.0
│ │ ├─┬ combined-stream@1.0.5
│ │ │ └── delayed-stream@1.0.0
│ │ ├── extend@3.0.0
│ │ ├── forever-agent@0.6.1
│ │ ├─┬ form-data@1.0.0-rc4
│ │ │ └── async@1.5.2
│ │ ├─┬ har-validator@2.0.6
│ │ │ └─┬ pinkie-promise@2.0.0
│ │ │   └── pinkie@2.0.4
│ │ ├─┬ hawk@3.1.3
│ │ │ ├── boom@2.10.1
│ │ │ ├── cryptiles@2.0.5
│ │ │ ├── hoek@2.16.3
│ │ │ └── sntp@1.0.9
│ │ ├─┬ http-signature@1.1.1
│ │ │ ├── assert-plus@0.2.0
│ │ │ ├─┬ jsprim@1.2.2
│ │ │ │ ├── extsprintf@1.0.2
│ │ │ │ ├── json-schema@0.2.2
│ │ │ │ └── verror@1.3.6
│ │ │ └─┬ sshpk@1.7.4
│ │ │   ├── asn1@0.2.3
│ │ │   ├─┬ dashdash@1.13.0
│ │ │   │ └── assert-plus@1.0.0
│ │ │   ├── ecc-jsbn@0.1.1
│ │ │   ├── jodid25519@1.0.2
│ │ │   ├── jsbn@0.1.0
│ │ │   └── tweetnacl@0.14.1
│ │ ├── is-typedarray@1.0.0
│ │ ├── isstream@0.1.2
│ │ ├── json-stringify-safe@5.0.1
│ │ ├─┬ mime-types@2.1.10
│ │ │ └── mime-db@1.22.0
│ │ ├── node-uuid@1.4.7
│ │ ├── oauth-sign@0.8.1
│ │ ├── qs@6.0.2
│ │ ├── stringstream@0.0.5
│ │ ├── tough-cookie@2.2.2
│ │ └── tunnel-agent@0.4.2
│ ├── slash@1.0.0
│ ├── source-map@0.5.3
│ └─┬ v8flags@2.0.11
│   └── user-home@1.1.1
├── UNMET DEPENDENCY babel-core@^6.7.2
├─┬ babel-eslint@5.0.0
│ ├── acorn-to-esprima@2.0.8
│ ├─┬ babel-traverse@6.7.3
│ │ ├── babel-runtime@5.8.35
│ │ ├── lodash@3.10.1
│ │ └─┬ repeating@1.1.3
│ │   └─┬ is-finite@1.0.1
│ │     └── number-is-nan@1.0.0
│ ├─┬ babel-types@6.7.2
│ │ ├── babel-runtime@5.8.35
│ │ ├── lodash@3.10.1
│ │ └── to-fast-properties@1.0.1
│ ├─┬ babylon@6.7.0
│ │ └── babel-runtime@5.8.35
│ ├─┬ lodash.assign@3.2.0
│ │ ├─┬ lodash._baseassign@3.2.0
│ │ │ └── lodash._basecopy@3.0.1
│ │ ├─┬ lodash._createassigner@3.1.1
│ │ │ └── lodash._isiterateecall@3.0.9
│ │ └─┬ lodash.keys@3.1.2
│ │   ├── lodash._getnative@3.9.1
│ │   ├── lodash.isarguments@3.0.8
│ │   └── lodash.isarray@3.0.4
│ └─┬ lodash.pick@3.1.0
│   ├── lodash._baseflatten@3.1.4
│   ├── lodash._bindcallback@3.0.1
│   ├── lodash._pickbyarray@3.0.2
│   ├─┬ lodash._pickbycallback@3.0.0
│   │ ├── lodash._basefor@3.0.3
│   │ └── lodash.keysin@3.0.8
│   └── lodash.restparam@3.6.1
├─┬ babel-plugin-transform-class-properties@6.6.0
│ ├─┬ babel-plugin-syntax-class-properties@6.5.0
│ │ └─┬ babel-runtime@5.8.35
│ │   └── core-js@1.2.6
│ └─┬ babel-runtime@5.8.35
│   └── core-js@1.2.6
├─┬ babel-plugin-transform-decorators-legacy@1.3.4
│ ├─┬ babel-plugin-syntax-decorators@6.5.0
│ │ └─┬ babel-runtime@5.8.35
│ │   └── core-js@1.2.6
│ ├─┬ babel-runtime@6.6.1
│ │ └── core-js@2.2.0
│ └─┬ babel-template@6.7.0
│   ├── babel-runtime@5.8.35
│   └── lodash@3.10.1
├─┬ babel-plugin-transform-runtime@6.6.0
│ └─┬ babel-runtime@5.8.35
│   └── core-js@1.2.6
├─┬ babel-polyfill@6.7.2
│ ├── babel-regenerator-runtime@6.5.0
│ ├─┬ babel-runtime@5.8.35
│ │ └── core-js@1.2.6
│ └── core-js@2.2.0
├─┬ babel-preset-es2015@6.6.0
│ ├─┬ babel-plugin-check-es2015-constants@6.7.2
│ │ └── babel-runtime@5.8.35
│ ├─┬ babel-plugin-transform-es2015-arrow-functions@6.5.2
│ │ └── babel-runtime@5.8.35
│ ├─┬ babel-plugin-transform-es2015-block-scoped-functions@6.6.5
│ │ └── babel-runtime@5.8.35
│ ├─┬ babel-plugin-transform-es2015-block-scoping@6.7.1
│ │ ├── babel-runtime@5.8.35
│ │ └── lodash@3.10.1
│ ├─┬ babel-plugin-transform-es2015-classes@6.6.5
│ │ ├─┬ babel-helper-define-map@6.6.5
│ │ │ ├── babel-runtime@5.8.35
│ │ │ └── lodash@3.10.1
│ │ ├─┬ babel-helper-function-name@6.6.0
│ │ │ └── babel-runtime@5.8.35
│ │ ├─┬ babel-helper-optimise-call-expression@6.6.0
│ │ │ └── babel-runtime@5.8.35
│ │ ├─┬ babel-helper-replace-supers@6.7.0
│ │ │ └── babel-runtime@5.8.35
│ │ └── babel-runtime@5.8.35
│ ├─┬ babel-plugin-transform-es2015-computed-properties@6.6.5
│ │ └── babel-runtime@5.8.35
│ ├─┬ babel-plugin-transform-es2015-destructuring@6.6.5
│ │ └── babel-runtime@5.8.35
│ ├─┬ babel-plugin-transform-es2015-duplicate-keys@6.6.4
│ │ └── babel-runtime@5.8.35
│ ├─┬ babel-plugin-transform-es2015-for-of@6.6.0
│ │ └── babel-runtime@5.8.35
│ ├─┬ babel-plugin-transform-es2015-function-name@6.5.0
│ │ └── babel-runtime@5.8.35
│ ├─┬ babel-plugin-transform-es2015-literals@6.5.0
│ │ └── babel-runtime@5.8.35
│ ├─┬ babel-plugin-transform-es2015-modules-commonjs@6.7.0
│ │ ├─┬ babel-plugin-transform-strict-mode@6.6.5
│ │ │ └── babel-runtime@5.8.35
│ │ └── babel-runtime@5.8.35
│ ├─┬ babel-plugin-transform-es2015-object-super@6.6.5
│ │ └── babel-runtime@5.8.35
│ ├─┬ babel-plugin-transform-es2015-parameters@6.7.0
│ │ ├─┬ babel-helper-call-delegate@6.6.5
│ │ │ ├─┬ babel-helper-hoist-variables@6.6.5
│ │ │ │ └── babel-runtime@5.8.35
│ │ │ └── babel-runtime@5.8.35
│ │ ├─┬ babel-helper-get-function-arity@6.6.5
│ │ │ └── babel-runtime@5.8.35
│ │ └── babel-runtime@5.8.35
│ ├─┬ babel-plugin-transform-es2015-shorthand-properties@6.5.0
│ │ └── babel-runtime@5.8.35
│ ├─┬ babel-plugin-transform-es2015-spread@6.6.5
│ │ └── babel-runtime@5.8.35
│ ├─┬ babel-plugin-transform-es2015-sticky-regex@6.5.0
│ │ ├─┬ babel-helper-regex@6.6.5
│ │ │ ├── babel-runtime@5.8.35
│ │ │ └── lodash@3.10.1
│ │ └── babel-runtime@5.8.35
│ ├─┬ babel-plugin-transform-es2015-template-literals@6.6.5
│ │ └── babel-runtime@5.8.35
│ ├─┬ babel-plugin-transform-es2015-typeof-symbol@6.6.0
│ │ └── babel-runtime@5.8.35
│ ├─┬ babel-plugin-transform-es2015-unicode-regex@6.5.0
│ │ ├── babel-runtime@5.8.35
│ │ └─┬ regexpu-core@1.0.0
│ │   ├── regenerate@1.2.1
│ │   ├── regjsgen@0.2.0
│ │   └─┬ regjsparser@0.1.5
│ │     └── jsesc@0.5.0
│ └─┬ babel-plugin-transform-regenerator@6.6.5
│   ├─┬ babel-core@6.7.2
│   │ ├── lodash@3.10.1
│   │ └── source-map@0.5.3
│   ├─┬ babel-plugin-syntax-async-functions@6.5.0
│   │ └── babel-runtime@5.8.35
│   └── babel-runtime@5.8.35
├─┬ babel-preset-react@6.5.0
│ ├─┬ babel-plugin-syntax-flow@6.5.0
│ │ └─┬ babel-runtime@5.8.35
│ │   └── core-js@1.2.6
│ ├─┬ babel-plugin-syntax-jsx@6.5.0
│ │ └─┬ babel-runtime@5.8.35
│ │   └── core-js@1.2.6
│ ├─┬ babel-plugin-transform-flow-strip-types@6.7.0
│ │ └─┬ babel-runtime@5.8.35
│ │   └── core-js@1.2.6
│ ├─┬ babel-plugin-transform-react-display-name@6.5.0
│ │ └─┬ babel-runtime@5.8.35
│ │   └── core-js@1.2.6
│ ├─┬ babel-plugin-transform-react-jsx@6.6.5
│ │ ├─┬ babel-helper-builder-react-jsx@6.6.5
│ │ │ ├─┬ babel-runtime@5.8.35
│ │ │ │ └── core-js@1.2.6
│ │ │ └── lodash@3.10.1
│ │ └─┬ babel-runtime@5.8.35
│ │   └── core-js@1.2.6
│ └─┬ babel-plugin-transform-react-jsx-source@6.5.0
│   └─┬ babel-runtime@5.8.35
│     └── core-js@1.2.6
├─┬ babel-preset-stage-0@6.5.0
│ ├─┬ babel-plugin-transform-do-expressions@6.5.0
│ │ ├─┬ babel-plugin-syntax-do-expressions@6.5.0
│ │ │ └─┬ babel-runtime@5.8.35
│ │ │   └── core-js@1.2.6
│ │ └─┬ babel-runtime@5.8.35
│ │   └── core-js@1.2.6
│ ├─┬ babel-plugin-transform-function-bind@6.5.2
│ │ ├─┬ babel-plugin-syntax-function-bind@6.5.0
│ │ │ └─┬ babel-runtime@5.8.35
│ │ │   └── core-js@1.2.6
│ │ └─┬ babel-runtime@5.8.35
│ │   └── core-js@1.2.6
│ └─┬ babel-preset-stage-1@6.5.0
│   ├─┬ babel-plugin-transform-class-constructor-call@6.6.5
│   │ ├─┬ babel-plugin-syntax-class-constructor-call@6.5.0
│   │ │ └─┬ babel-runtime@5.8.35
│   │ │   └── core-js@1.2.6
│   │ └─┬ babel-runtime@5.8.35
│   │   └── core-js@1.2.6
│   ├─┬ babel-plugin-transform-decorators@6.6.5
│   │ ├─┬ babel-helper-explode-class@6.6.5
│   │ │ ├─┬ babel-helper-bindify-decorators@6.6.5
│   │ │ │ └─┬ babel-runtime@5.8.35
│   │ │ │   └── core-js@1.2.6
│   │ │ └─┬ babel-runtime@5.8.35
│   │ │   └── core-js@1.2.6
│   │ └─┬ babel-runtime@5.8.35
│   │   └── core-js@1.2.6
│   ├─┬ babel-plugin-transform-export-extensions@6.5.0
│   │ ├─┬ babel-plugin-syntax-export-extensions@6.5.0
│   │ │ └─┬ babel-runtime@5.8.35
│   │ │   └── core-js@1.2.6
│   │ └─┬ babel-runtime@5.8.35
│   │   └── core-js@1.2.6
│   └─┬ babel-preset-stage-2@6.5.0
│     ├─┬ babel-plugin-syntax-trailing-function-commas@6.5.0
│     │ └─┬ babel-runtime@5.8.35
│     │   └── core-js@1.2.6
│     ├─┬ babel-plugin-transform-object-rest-spread@6.6.5
│     │ ├─┬ babel-plugin-syntax-object-rest-spread@6.5.0
│     │ │ └─┬ babel-runtime@5.8.35
│     │ │   └── core-js@1.2.6
│     │ └─┬ babel-runtime@5.8.35
│     │   └── core-js@1.2.6
│     └─┬ babel-preset-stage-3@6.5.0
│       ├─┬ babel-plugin-transform-async-to-generator@6.7.0
│       │ ├─┬ babel-helper-remap-async-to-generator@6.7.0
│       │ │ └─┬ babel-runtime@5.8.35
│       │ │   └── core-js@1.2.6
│       │ └─┬ babel-runtime@5.8.35
│       │   └── core-js@1.2.6
│       └─┬ babel-plugin-transform-exponentiation-operator@6.5.0
│         ├─┬ babel-helper-builder-binary-assignment-operator-visitor@6.6.5
│         │ ├─┬ babel-helper-explode-assignable-expression@6.6.5
│         │ │ └─┬ babel-runtime@5.8.35
│         │ │   └── core-js@1.2.6
│         │ └─┬ babel-runtime@5.8.35
│         │   └── core-js@1.2.6
│         ├─┬ babel-plugin-syntax-exponentiation-operator@6.5.0
│         │ └─┬ babel-runtime@5.8.35
│         │   └── core-js@1.2.6
│         └─┬ babel-runtime@5.8.35
│           └── core-js@1.2.6
├── babel-relay-plugin@0.7.3
├─┬ babel-runtime@6.6.1
│ └── core-js@2.2.0
├─┬ babelify@7.2.0
│ ├─┬ babel-core@6.7.2
│ │ ├─┬ babel-runtime@5.8.35
│ │ │ └── core-js@1.2.6
│ │ ├── lodash@3.10.1
│ │ └── source-map@0.5.3
│ └── object-assign@4.0.1
├── bootstrap@3.3.6
├─┬ browserify@13.0.0
│ ├── assert@1.3.0
│ ├─┬ browser-pack@6.0.1
│ │ ├─┬ combine-source-map@0.7.1
│ │ │ ├── convert-source-map@1.1.3
│ │ │ ├─┬ inline-source-map@0.6.1
│ │ │ │ └── source-map@0.4.4
│ │ │ ├── lodash.memoize@3.0.4
│ │ │ └── source-map@0.4.2
│ │ └── umd@3.0.1
│ ├── browser-resolve@1.11.1
│ ├─┬ browserify-zlib@0.1.4
│ │ └── pako@0.2.8
│ ├─┬ buffer@4.5.0
│ │ ├── base64-js@1.1.1
│ │ ├── ieee754@1.1.6
│ │ └── isarray@1.0.0
│ ├─┬ concat-stream@1.5.1
│ │ └── typedarray@0.0.6
│ ├─┬ console-browserify@1.1.0
│ │ └── date-now@0.1.4
│ ├── constants-browserify@1.0.0
│ ├─┬ crypto-browserify@3.11.0
│ │ ├─┬ browserify-cipher@1.0.0
│ │ │ ├─┬ browserify-aes@1.0.6
│ │ │ │ └── buffer-xor@1.0.3
│ │ │ ├─┬ browserify-des@1.0.0
│ │ │ │ └─┬ des.js@1.0.0
│ │ │ │   └── minimalistic-assert@1.0.0
│ │ │ └── evp_bytestokey@1.0.0
│ │ ├─┬ browserify-sign@4.0.0
│ │ │ ├── bn.js@4.11.0
│ │ │ ├── browserify-rsa@4.0.1
│ │ │ ├─┬ elliptic@6.2.3
│ │ │ │ ├── brorand@1.0.5
│ │ │ │ └── hash.js@1.0.3
│ │ │ └─┬ parse-asn1@5.0.0
│ │ │   └── asn1.js@4.5.2
│ │ ├── create-ecdh@4.0.0
│ │ ├─┬ create-hash@1.1.2
│ │ │ ├── cipher-base@1.0.2
│ │ │ └── ripemd160@1.0.1
│ │ ├── create-hmac@1.1.4
│ │ ├─┬ diffie-hellman@5.0.2
│ │ │ └── miller-rabin@4.0.0
│ │ ├── pbkdf2@3.0.4
│ │ ├── public-encrypt@4.0.0
│ │ └── randombytes@2.0.3
│ ├── defined@1.0.0
│ ├── deps-sort@2.0.0
│ ├── domain-browser@1.1.7
│ ├── duplexer2@0.1.4
│ ├── events@1.1.0
│ ├─┬ has@1.0.1
│ │ └── function-bind@1.1.0
│ ├── htmlescape@1.1.0
│ ├── https-browserify@0.0.1
│ ├── inherits@2.0.1
│ ├─┬ insert-module-globals@7.0.1
│ │ ├── is-buffer@1.1.3
│ │ └─┬ lexical-scope@1.2.0
│ │   └── astw@2.0.0
│ ├── isarray@0.0.1
│ ├─┬ JSONStream@1.1.1
│ │ ├── jsonparse@1.2.0
│ │ └── through@2.3.8
│ ├─┬ labeled-stream-splicer@2.0.0
│ │ └── stream-splicer@2.0.0
│ ├─┬ module-deps@4.0.5
│ │ ├─┬ detective@4.3.1
│ │ │ └── acorn@1.2.2
│ │ └── stream-combiner2@1.1.1
│ ├── os-browserify@0.1.2
│ ├─┬ parents@1.0.1
│ │ └── path-platform@0.11.15
│ ├── path-browserify@0.0.0
│ ├── process@0.11.2
│ ├── punycode@1.4.0
│ ├── querystring-es3@0.2.1
│ ├── read-only-stream@2.0.0
│ ├─┬ readable-stream@2.0.6
│ │ ├── core-util-is@1.0.2
│ │ ├── isarray@1.0.0
│ │ ├── process-nextick-args@1.0.6
│ │ └── util-deprecate@1.0.2
│ ├── resolve@1.1.7
│ ├─┬ shasum@1.0.2
│ │ ├── json-stable-stringify@0.0.1
│ │ └── sha.js@2.4.5
│ ├─┬ shell-quote@1.4.3
│ │ ├── array-filter@0.0.1
│ │ ├── array-map@0.0.0
│ │ ├── array-reduce@0.0.0
│ │ └── jsonify@0.0.0
│ ├── stream-browserify@2.0.1
│ ├─┬ stream-http@2.2.0
│ │ ├── builtin-status-codes@2.0.0
│ │ └── to-arraybuffer@1.0.1
│ ├── string_decoder@0.10.31
│ ├── subarg@1.0.0
│ ├─┬ syntax-error@1.1.5
│ │ └── acorn@2.7.0
│ ├── through2@2.0.1
│ ├── timers-browserify@1.4.2
│ ├── tty-browserify@0.0.0
│ ├─┬ url@0.11.0
│ │ ├── punycode@1.3.2
│ │ └── querystring@0.2.0
│ ├── util@0.10.3
│ ├─┬ vm-browserify@0.0.4
│ │ └── indexof@0.0.1
│ └── xtend@4.0.1
├─┬ eslint@2.4.0
│ ├─┬ debug@2.2.0
│ │ └── ms@0.7.1
│ ├─┬ doctrine@1.2.0
│ │ ├── esutils@1.1.6
│ │ └── isarray@1.0.0
│ ├─┬ es6-map@0.1.3
│ │ ├── d@0.1.1
│ │ ├── es5-ext@0.10.11
│ │ ├── es6-iterator@2.0.0
│ │ ├── es6-set@0.1.4
│ │ ├── es6-symbol@3.0.2
│ │ └── event-emitter@0.3.4
│ ├─┬ escope@3.6.0
│ │ ├── es6-weak-map@2.0.1
│ │ └─┬ esrecurse@4.1.0
│ │   └── estraverse@4.1.1
│ ├─┬ espree@3.1.2
│ │ ├── acorn@3.0.4
│ │ └─┬ acorn-jsx@2.0.1
│ │   └── acorn@2.7.0
│ ├── estraverse@4.2.0
│ ├── esutils@2.0.2
│ ├─┬ file-entry-cache@1.2.4
│ │ └─┬ flat-cache@1.0.10
│ │   ├─┬ del@2.2.0
│ │   │ ├─┬ globby@4.0.0
│ │   │ │ ├── array-union@1.0.1
│ │   │ │ └── glob@6.0.4
│ │   │ ├── is-path-cwd@1.0.0
│ │   │ ├─┬ is-path-in-cwd@1.0.0
│ │   │ │ └── is-path-inside@1.0.0
│ │   │ ├── pify@2.3.0
│ │   │ └─┬ rimraf@2.5.2
│ │   │   └── glob@7.0.3
│ │   ├── read-json-sync@1.1.1
│ │   └── write@0.2.1
│ ├── glob@6.0.4
│ ├── globals@8.18.0
│ ├── ignore@2.2.19
│ ├─┬ inquirer@0.12.0
│ │ ├── ansi-escapes@1.3.0
│ │ ├── ansi-regex@2.0.0
│ │ ├─┬ cli-cursor@1.0.2
│ │ │ └─┬ restore-cursor@1.0.1
│ │ │   ├── exit-hook@1.1.1
│ │ │   └── onetime@1.1.0
│ │ ├── cli-width@2.1.0
│ │ ├── figures@1.4.0
│ │ ├─┬ readline2@1.0.1
│ │ │ ├── code-point-at@1.0.0
│ │ │ ├── is-fullwidth-code-point@1.0.0
│ │ │ └── mute-stream@0.0.5
│ │ ├── run-async@0.1.0
│ │ ├── rx-lite@3.1.2
│ │ └── string-width@1.0.1
│ ├─┬ is-my-json-valid@2.13.1
│ │ ├── generate-function@2.0.0
│ │ ├─┬ generate-object-property@1.2.0
│ │ │ └── is-property@1.0.2
│ │ └── jsonpointer@2.0.0
│ ├─┬ is-resolvable@1.0.0
│ │ └── tryit@1.0.2
│ ├─┬ js-yaml@3.5.4
│ │ ├─┬ argparse@1.0.6
│ │ │ └── sprintf-js@1.0.3
│ │ └── esprima@2.7.2
│ ├── json-stable-stringify@1.0.1
│ ├── lodash@4.6.1
│ ├─┬ mkdirp@0.5.1
│ │ └── minimist@0.0.8
│ ├─┬ optionator@0.8.1
│ │ ├── deep-is@0.1.3
│ │ ├── fast-levenshtein@1.1.3
│ │ ├── levn@0.3.0
│ │ ├── prelude-ls@1.1.2
│ │ ├── type-check@0.3.2
│ │ └── wordwrap@1.0.0
│ ├── path-is-inside@1.0.1
│ ├── pluralize@1.2.1
│ ├── progress@1.1.8
│ ├─┬ require-uncached@1.0.2
│ │ ├─┬ caller-path@0.1.0
│ │ │ └── callsites@0.2.0
│ │ └── resolve-from@1.0.1
│ ├── shelljs@0.5.3
│ ├── strip-json-comments@1.0.4
│ ├─┬ table@3.7.8
│ │ ├── bluebird@3.3.4
│ │ ├── slice-ansi@0.0.4
│ │ ├── tv4@1.2.7
│ │ └── xregexp@3.1.0
│ ├── text-table@0.2.0
│ └─┬ user-home@2.0.0
│   └── os-homedir@1.0.1
├── eslint-plugin-react@4.2.3
├─┬ exorcist@0.4.0
│ ├── minimist@0.0.5
│ ├─┬ mold-source-map@0.4.0
│ │ └── through@2.2.7
│ └── nave@0.5.3
├─┬ graphql@0.4.18
│ └─┬ babel-runtime@5.8.35
│   └── core-js@1.2.6
├── UNMET DEPENDENCY isomorphic-fetch@^2.2.1
├── jquery@2.2.1
├─┬ local-web-server@1.2.1
│ ├─┬ ansi-escape-sequences@2.2.2
│ │ └─┬ collect-all@0.2.1
│ │   ├── stream-connect@1.0.2
│ │   └── stream-via@0.1.1
│ ├── array-back@1.0.2
│ ├─┬ command-line-args@2.1.6
│ │ ├── command-line-usage@2.0.3
│ │ ├── core-js@2.2.0
│ │ ├── feature-detect-es6@1.2.0
│ │ └── find-replace@1.0.1
│ ├─┬ config-master@2.0.2
│ │ ├─┬ babel-polyfill@6.7.2
│ │ │ ├─┬ babel-runtime@5.8.35
│ │ │ │ └── core-js@1.2.6
│ │ │ └── core-js@2.2.0
│ │ └── walk-back@1.1.1
│ ├─┬ http-proxy@1.13.2
│ │ ├── eventemitter3@1.1.1
│ │ └── requires-port@1.0.0
│ ├─┬ kcors@1.1.0
│ │ └── copy-to@2.0.1
│ ├─┬ koa@2.0.0-alpha.3
│ │ ├─┬ accepts@1.3.2
│ │ │ └── negotiator@0.6.0
│ │ ├── content-disposition@0.5.1
│ │ ├── content-type@1.0.1
│ │ ├─┬ cookies@0.5.1
│ │ │ └── keygrip@1.0.1
│ │ ├── delegates@0.1.0
│ │ ├── destroy@1.0.4
│ │ ├── error-inject@1.0.0
│ │ ├── escape-html@1.0.3
│ │ ├── fresh@0.3.0
│ │ ├─┬ http-assert@1.2.0
│ │ │ └── deep-equal@1.0.1
│ │ ├── http-errors@1.4.0
│ │ ├── is-generator-function@1.0.3
│ │ ├── koa-compose@3.0.0
│ │ ├── koa-is-json@1.0.0
│ │ ├─┬ on-finished@2.3.0
│ │ │ └── ee-first@1.1.1
│ │ ├── only@0.0.2
│ │ ├── parseurl@1.3.1
│ │ ├── statuses@1.2.1
│ │ ├─┬ type-is@1.6.12
│ │ │ └── media-typer@0.3.0
│ │ └── vary@1.1.0
│ ├─┬ koa-bodyparser@3.0.0
│ │ └─┬ co-body@4.0.0
│ │   ├── qs@4.0.0
│ │   └─┬ raw-body@2.1.6
│ │     ├── iconv-lite@0.4.13
│ │     └── unpipe@1.0.0
│ ├─┬ koa-compress@1.0.9
│ │ ├── bytes@2.3.0
│ │ └── compressible@2.0.7
│ ├── koa-conditional-get@1.0.3
│ ├─┬ koa-convert@1.2.0
│ │ └── co@4.6.0
│ ├─┬ koa-etag@2.1.1
│ │ ├── etag@1.7.0
│ │ └─┬ mz@2.3.1
│ │   ├── any-promise@1.1.0
│ │   └─┬ thenify-all@1.6.0
│ │     └── thenify@3.2.0
│ ├─┬ koa-json@1.1.1
│ │ └── streaming-json-stringify@1.0.1
│ ├─┬ koa-morgan@1.0.1
│ │ └─┬ morgan@1.7.0
│ │   ├── basic-auth@1.0.3
│ │   ├── depd@1.1.0
│ │   └── on-headers@1.0.1
│ ├─┬ koa-rewrite@2.1.0
│ │ └── path-to-regexp@0.0.2
│ ├─┬ koa-route@3.0.0
│ │ └── methods@1.1.2
│ ├─┬ koa-send@3.1.1
│ │ └── resolve-path@1.3.1
│ ├─┬ koa-serve-index@1.1.1
│ │ ├─┬ accepts@1.1.4
│ │ │ ├─┬ mime-types@2.0.14
│ │ │ │ └── mime-db@1.12.0
│ │ │ └── negotiator@0.4.9
│ │ ├── batch@0.5.1
│ │ └─┬ debug@2.0.0
│ │   └── ms@0.6.2
│ ├── koa-static@2.0.0
│ ├── path-to-regexp@1.2.1
│ ├── reduce-flatten@1.0.0
│ ├─┬ stream-log-stats@1.1.3
│ │ ├── byte-size@2.0.0
│ │ ├─┬ column-layout@2.1.1
│ │ │ ├─┬ collect-json@1.0.7
│ │ │ │ ├── collect-all@1.0.1
│ │ │ │ └── stream-via@1.0.1
│ │ │ ├── core-js@2.2.0
│ │ │ ├── deep-extend@0.4.1
│ │ │ └── wordwrapjs@1.2.0
│ │ ├── common-log-format@0.1.3
│ │ ├─┬ lodash.throttle@4.0.1
│ │ │ └── lodash.debounce@4.0.3
│ │ ├─┬ object-tools@2.0.6
│ │ │ └── object-get@2.0.2
│ │ └── stream-via@1.0.1
│ ├── string-tools@1.0.0
│ ├── test-value@1.1.0
│ └── typical@2.4.2
├─┬ react@0.14.7
│ ├─┬ envify@3.4.0
│ │ └─┬ jstransform@10.1.0
│ │   ├── base62@0.1.1
│ │   ├── esprima-fb@13001.1001.0-dev-harmony-fb
│ │   └── source-map@0.1.31
│ └─┬ fbjs@0.6.1
│   ├── core-js@1.2.6
│   ├─┬ promise@7.1.1
│   │ └── asap@2.0.3
│   ├── ua-parser-js@0.7.10
│   └── whatwg-fetch@0.9.0
├── react-addons-css-transition-group@0.14.7
├─┬ react-bootstrap@0.28.3
│ ├─┬ babel-runtime@5.8.35
│ │ └── core-js@1.2.6
│ ├── classnames@2.2.3
│ ├── dom-helpers@2.4.0
│ ├── invariant@2.2.1
│ ├── keycode@2.1.1
│ ├── lodash-compat@3.10.2
│ ├─┬ react-overlays@0.6.0
│ │ └── react-prop-types@0.2.2
│ ├── react-prop-types@0.3.0
│ ├── uncontrollable@3.2.1
│ └── warning@2.1.0
├── react-dom@0.14.7
├─┬ react-redux@4.4.1
│ ├── hoist-non-react-statics@1.0.5
│ └─┬ loose-envify@1.1.0
│   └── js-tokens@1.0.2
├─┬ react-relay@0.7.3
│ ├─┬ babel-runtime@5.8.24
│ │ └── core-js@1.2.6
│ ├─┬ fbjs@0.8.0-alpha.3
│ │ ├── core-js@1.2.6
│ │ └─┬ isomorphic-fetch@2.2.1
│ │   ├─┬ node-fetch@1.3.3
│ │   │ └── encoding@0.1.12
│ │   └── whatwg-fetch@0.11.0
│ └── react-static-container@1.0.0
├─┬ redux@3.3.1
│ └── lodash-es@4.6.1
├── redux-logger@2.6.1
├── redux-thunk@2.0.1
├─┬ uglify@0.1.5
│ ├─┬ grunt@0.4.5
│ │ ├── async@0.1.22
│ │ ├── coffee-script@1.3.3
│ │ ├── colors@0.6.2
│ │ ├── dateformat@1.0.2-1.2.3
│ │ ├── eventemitter2@0.4.14
│ │ ├── exit@0.1.2
│ │ ├─┬ findup-sync@0.1.3
│ │ │ ├─┬ glob@3.2.11
│ │ │ │ └── minimatch@0.3.0
│ │ │ └── lodash@2.4.2
│ │ ├── getobject@0.1.0
│ │ ├─┬ glob@3.1.21
│ │ │ ├── graceful-fs@1.2.3
│ │ │ └── inherits@1.0.2
│ │ ├─┬ grunt-legacy-log@0.1.3
│ │ │ ├─┬ grunt-legacy-log-utils@0.1.1
│ │ │ │ └── lodash@2.4.2
│ │ │ └── lodash@2.4.2
│ │ ├─┬ grunt-legacy-util@0.2.0
│ │ │ ├── lodash@0.9.2
│ │ │ └── underscore.string@2.2.1
│ │ ├── hooker@0.2.3
│ │ ├── iconv-lite@0.2.11
│ │ ├─┬ js-yaml@2.0.5
│ │ │ ├─┬ argparse@0.1.16
│ │ │ │ ├── underscore@1.7.0
│ │ │ │ └── underscore.string@2.4.0
│ │ │ └── esprima@1.0.4
│ │ ├── lodash@0.9.2
│ │ ├─┬ minimatch@0.2.14
│ │ │ ├── lru-cache@2.7.3
│ │ │ └── sigmund@1.0.1
│ │ ├─┬ nopt@1.0.10
│ │ │ └── abbrev@1.0.7
│ │ ├── rimraf@2.2.8
│ │ ├── underscore.string@2.2.1
│ │ └── which@1.0.9
│ ├─┬ grunt-contrib-clean@0.5.0
│ │ └── rimraf@2.2.8
│ ├── grunt-contrib-concat@0.3.0
│ ├── grunt-contrib-copy@0.5.0
│ ├─┬ grunt-contrib-cssmin@0.6.1
│ │ ├─┬ clean-css@1.0.12
│ │ │ └─┬ commander@1.3.2
│ │ │   └── keypress@0.1.0
│ │ └─┬ grunt-lib-contrib@0.6.1
│ │   └── zlib-browserify@0.0.1
│ ├─┬ grunt-contrib-uglify@0.2.4
│ │ └─┬ uglify-js@2.4.24
│ │   ├── async@0.2.10
│ │   ├── source-map@0.1.34
│ │   ├── uglify-to-browserify@1.0.2
│ │   └─┬ yargs@3.5.4
│ │     ├── camelcase@1.2.1
│ │     ├── decamelize@1.2.0
│ │     ├── window-size@0.1.0
│ │     └── wordwrap@0.0.2
│ ├── grunt-css-url-replace@0.2.7
│ ├── underscore@1.4.4
│ └── underscore.string@2.3.3
└─┬ watchify@3.7.0
  ├─┬ anymatch@1.3.0
  │ ├── arrify@1.0.1
  │ └─┬ micromatch@2.3.7
  │   ├─┬ arr-diff@2.0.0
  │   │ └── arr-flatten@1.0.1
  │   ├── array-unique@0.2.1
  │   ├─┬ braces@1.8.3
  │   │ ├─┬ expand-range@1.8.1
  │   │ │ └─┬ fill-range@2.2.3
  │   │ │   ├── is-number@2.1.0
  │   │ │   ├── isobject@2.0.0
  │   │ │   ├── randomatic@1.1.5
  │   │ │   └── repeat-string@1.5.4
  │   │ ├── preserve@0.2.0
  │   │ └── repeat-element@1.1.2
  │   ├── expand-brackets@0.1.4
  │   ├── extglob@0.3.2
  │   ├── filename-regex@2.0.0
  │   ├── kind-of@3.0.2
  │   ├── normalize-path@2.0.1
  │   ├─┬ object.omit@2.0.0
  │   │ ├─┬ for-own@0.1.3
  │   │ │ └── for-in@0.1.4
  │   │ └── is-extendable@0.1.1
  │   ├─┬ parse-glob@3.0.4
  │   │ ├── glob-base@0.3.0
  │   │ └── is-dotfile@1.0.2
  │   └─┬ regex-cache@0.4.2
  │     ├── is-equal-shallow@0.1.3
  │     └── is-primitive@2.0.0
  └── outpipe@1.1.1

